running egg_info
creating ../../build/turtlesim_controller/turtlesim_controller.egg-info
writing ../../build/turtlesim_controller/turtlesim_controller.egg-info/PKG-INFO
writing dependency_links to ../../build/turtlesim_controller/turtlesim_controller.egg-info/dependency_links.txt
writing entry points to ../../build/turtlesim_controller/turtlesim_controller.egg-info/entry_points.txt
writing requirements to ../../build/turtlesim_controller/turtlesim_controller.egg-info/requires.txt
writing top-level names to ../../build/turtlesim_controller/turtlesim_controller.egg-info/top_level.txt
writing manifest file '../../build/turtlesim_controller/turtlesim_controller.egg-info/SOURCES.txt'
reading manifest file '../../build/turtlesim_controller/turtlesim_controller.egg-info/SOURCES.txt'
writing manifest file '../../build/turtlesim_controller/turtlesim_controller.egg-info/SOURCES.txt'
running build
running build_py
creating /home/ashalen/ros2_projects/project2_turtlesim/build/turtlesim_controller/build
creating /home/ashalen/ros2_projects/project2_turtlesim/build/turtlesim_controller/build/lib
creating /home/ashalen/ros2_projects/project2_turtlesim/build/turtlesim_controller/build/lib/turtlesim_controller
copying turtlesim_controller/draw_square.py -> /home/ashalen/ros2_projects/project2_turtlesim/build/turtlesim_controller/build/lib/turtlesim_controller
copying turtlesim_controller/__init__.py -> /home/ashalen/ros2_projects/project2_turtlesim/build/turtlesim_controller/build/lib/turtlesim_controller
running install
running install_lib
creating /home/ashalen/ros2_projects/project2_turtlesim/install/turtlesim_controller/lib/python3.10/site-packages/turtlesim_controller
copying /home/ashalen/ros2_projects/project2_turtlesim/build/turtlesim_controller/build/lib/turtlesim_controller/draw_square.py -> /home/ashalen/ros2_projects/project2_turtlesim/install/turtlesim_controller/lib/python3.10/site-packages/turtlesim_controller
copying /home/ashalen/ros2_projects/project2_turtlesim/build/turtlesim_controller/build/lib/turtlesim_controller/__init__.py -> /home/ashalen/ros2_projects/project2_turtlesim/install/turtlesim_controller/lib/python3.10/site-packages/turtlesim_controller
byte-compiling /home/ashalen/ros2_projects/project2_turtlesim/install/turtlesim_controller/lib/python3.10/site-packages/turtlesim_controller/draw_square.py to draw_square.cpython-310.pyc
byte-compiling /home/ashalen/ros2_projects/project2_turtlesim/install/turtlesim_controller/lib/python3.10/site-packages/turtlesim_controller/__init__.py to __init__.cpython-310.pyc
running install_data
creating /home/ashalen/ros2_projects/project2_turtlesim/install/turtlesim_controller/share/ament_index
creating /home/ashalen/ros2_projects/project2_turtlesim/install/turtlesim_controller/share/ament_index/resource_index
creating /home/ashalen/ros2_projects/project2_turtlesim/install/turtlesim_controller/share/ament_index/resource_index/packages
copying resource/turtlesim_controller -> /home/ashalen/ros2_projects/project2_turtlesim/install/turtlesim_controller/share/ament_index/resource_index/packages
copying package.xml -> /home/ashalen/ros2_projects/project2_turtlesim/install/turtlesim_controller/share/turtlesim_controller
running install_egg_info
Copying ../../build/turtlesim_controller/turtlesim_controller.egg-info to /home/ashalen/ros2_projects/project2_turtlesim/install/turtlesim_controller/lib/python3.10/site-packages/turtlesim_controller-0.0.1-py3.10.egg-info
running install_scripts
Installing draw_square script to /home/ashalen/ros2_projects/project2_turtlesim/install/turtlesim_controller/lib/turtlesim_controller
writing list of installed files to '/home/ashalen/ros2_projects/project2_turtlesim/build/turtlesim_controller/install.log'
